app/build/intermediates/manifest_merge_blame_file/debug/manifest-merger-blame-debug-report.txt
1<?xml version="1.0" encoding="utf-8"?>
2<manifest xmlns:android="http://schemas.android.com/apk/res/android"
3    xmlns:dist="http://schemas.android.com/apk/distribution"
4    package="com.example.nulp_mobile"
5    android:versionCode="1"
6    android:versionName="1.0" >
7
8    <uses-sdk
9        android:minSdkVersion="21"
9-->src/main/AndroidManifest.xml
10        android:targetSdkVersion="29" />
10-->src/main/AndroidManifest.xml
11
12    <dist:module dist:instant="true" />
12-->src/main/AndroidManifest.xml:7:5-40
12-->src/main/AndroidManifest.xml:7:18-37
13
14    <uses-permission android:name="android.permission.INTERNET" />
14-->[com.google.android.gms:play-services-measurement-api:17.2.0] AndroidManifest.xml:22:5-67
14-->[com.google.android.gms:play-services-measurement-api:17.2.0] AndroidManifest.xml:22:22-64
15    <uses-permission android:name="android.permission.ACCESS_NETWORK_STATE" />
15-->[com.google.android.gms:play-services-measurement-api:17.2.0] AndroidManifest.xml:23:5-79
15-->[com.google.android.gms:play-services-measurement-api:17.2.0] AndroidManifest.xml:23:22-76
16    <uses-permission android:name="android.permission.WAKE_LOCK" /> <!-- Required by older versions of Google Play services to create IID tokens -->
16-->[com.google.android.gms:play-services-measurement-api:17.2.0] AndroidManifest.xml:24:5-68
16-->[com.google.android.gms:play-services-measurement-api:17.2.0] AndroidManifest.xml:24:22-65
17    <uses-permission android:name="com.google.android.c2dm.permission.RECEIVE" />
17-->[com.google.firebase:firebase-iid:19.0.0] AndroidManifest.xml:26:5-82
17-->[com.google.firebase:firebase-iid:19.0.0] AndroidManifest.xml:26:22-79
18    <uses-permission android:name="com.google.android.finsky.permission.BIND_GET_INSTALL_REFERRER_SERVICE" />
18-->[com.google.android.gms:play-services-measurement:17.2.0] AndroidManifest.xml:26:5-110
18-->[com.google.android.gms:play-services-measurement:17.2.0] AndroidManifest.xml:26:22-107
19
20    <application
20-->src/main/AndroidManifest.xml:9:5-28:19
21        android:name="com.example.nulp_mobile.App"
21-->src/main/AndroidManifest.xml:17:9-28
22        android:allowBackup="true"
22-->src/main/AndroidManifest.xml:11:9-35
23        android:appComponentFactory="androidx.core.app.CoreComponentFactory"
23-->[androidx.core:core:1.1.0] AndroidManifest.xml:24:18-86
24        android:debuggable="true"
25        android:icon="@mipmap/ic_launcher"
25-->src/main/AndroidManifest.xml:12:9-43
26        android:label="@string/app_name"
26-->src/main/AndroidManifest.xml:13:9-41
27        android:networkSecurityConfig="@xml/network_security_config"
27-->src/main/AndroidManifest.xml:18:9-69
28        android:roundIcon="@mipmap/ic_launcher_round"
28-->src/main/AndroidManifest.xml:14:9-54
29        android:supportsRtl="true"
29-->src/main/AndroidManifest.xml:15:9-35
30        android:testOnly="true"
31        android:theme="@style/AppTheme" >
31-->src/main/AndroidManifest.xml:16:9-40
32        <activity android:name="com.example.nulp_mobile.MainActivity" />
32-->src/main/AndroidManifest.xml:19:9-49
32-->src/main/AndroidManifest.xml:19:19-47
33        <activity android:name="com.example.nulp_mobile.AuthActivity" >
33-->src/main/AndroidManifest.xml:20:9-26:20
33-->src/main/AndroidManifest.xml:20:19-47
34            <intent-filter>
34-->src/main/AndroidManifest.xml:21:13-25:29
35                <action android:name="android.intent.action.MAIN" />
35-->src/main/AndroidManifest.xml:22:17-69
35-->src/main/AndroidManifest.xml:22:25-66
36
37                <category android:name="android.intent.category.LAUNCHER" />
37-->src/main/AndroidManifest.xml:24:17-77
37-->src/main/AndroidManifest.xml:24:27-74
38            </intent-filter>
39        </activity>
40        <activity android:name="com.example.nulp_mobile.WelcomeActivity" />
40-->src/main/AndroidManifest.xml:27:9-53
40-->src/main/AndroidManifest.xml:27:19-50
41        <activity
41-->[com.google.firebase:firebase-auth:19.1.0] AndroidManifest.xml:24:9-31:50
42            android:name="com.google.firebase.auth.internal.FederatedSignInActivity"
42-->[com.google.firebase:firebase-auth:19.1.0] AndroidManifest.xml:25:13-85
43            android:excludeFromRecents="true"
43-->[com.google.firebase:firebase-auth:19.1.0] AndroidManifest.xml:26:13-46
44            android:exported="true"
44-->[com.google.firebase:firebase-auth:19.1.0] AndroidManifest.xml:27:13-36
45            android:launchMode="singleTask"
45-->[com.google.firebase:firebase-auth:19.1.0] AndroidManifest.xml:28:13-44
46            android:permission="com.google.firebase.auth.api.gms.permission.LAUNCH_FEDERATED_SIGN_IN"
46-->[com.google.firebase:firebase-auth:19.1.0] AndroidManifest.xml:29:13-102
47            android:theme="@android:style/Theme.Translucent.NoTitleBar" />
47-->[com.google.firebase:firebase-auth:19.1.0] AndroidManifest.xml:30:13-72
48
49        <service
49-->[com.google.firebase:firebase-auth:19.1.0] AndroidManifest.xml:33:9-39:19
50            android:name="com.google.firebase.components.ComponentDiscoveryService"
50-->[com.google.firebase:firebase-auth:19.1.0] AndroidManifest.xml:34:13-84
51            android:exported="false" >
51-->[com.google.firebase:firebase-auth:19.1.0] AndroidManifest.xml:35:13-37
52            <meta-data
52-->[com.google.firebase:firebase-auth:19.1.0] AndroidManifest.xml:36:13-38:85
53                android:name="com.google.firebase.components:com.google.firebase.auth.FirebaseAuthRegistrar"
53-->[com.google.firebase:firebase-auth:19.1.0] AndroidManifest.xml:37:17-109
54                android:value="com.google.firebase.components.ComponentRegistrar" />
54-->[com.google.firebase:firebase-auth:19.1.0] AndroidManifest.xml:38:17-82
55            <meta-data
55-->[com.google.android.gms:play-services-measurement-api:17.2.0] AndroidManifest.xml:30:13-32:85
56                android:name="com.google.firebase.components:com.google.firebase.analytics.connector.internal.AnalyticsConnectorRegistrar"
56-->[com.google.android.gms:play-services-measurement-api:17.2.0] AndroidManifest.xml:31:17-139
57                android:value="com.google.firebase.components.ComponentRegistrar" />
57-->[com.google.android.gms:play-services-measurement-api:17.2.0] AndroidManifest.xml:32:17-82
58            <meta-data
58-->[com.google.firebase:firebase-iid:19.0.0] AndroidManifest.xml:32:13-34:85
59                android:name="com.google.firebase.components:com.google.firebase.iid.Registrar"
59-->[com.google.firebase:firebase-iid:19.0.0] AndroidManifest.xml:33:17-96
60                android:value="com.google.firebase.components.ComponentRegistrar" />
60-->[com.google.firebase:firebase-iid:19.0.0] AndroidManifest.xml:34:17-82
61        </service>
62
63        <receiver
63-->[com.google.firebase:firebase-iid:19.0.0] AndroidManifest.xml:37:9-44:20
64            android:name="com.google.firebase.iid.FirebaseInstanceIdReceiver"
64-->[com.google.firebase:firebase-iid:19.0.0] AndroidManifest.xml:38:13-78
65            android:exported="true"
65-->[com.google.firebase:firebase-iid:19.0.0] AndroidManifest.xml:39:13-36
66            android:permission="com.google.android.c2dm.permission.SEND" >
66-->[com.google.firebase:firebase-iid:19.0.0] AndroidManifest.xml:40:13-73
67            <intent-filter>
67-->[com.google.firebase:firebase-iid:19.0.0] AndroidManifest.xml:41:13-43:29
68                <action android:name="com.google.android.c2dm.intent.RECEIVE" />
68-->[com.google.firebase:firebase-iid:19.0.0] AndroidManifest.xml:42:17-81
68-->[com.google.firebase:firebase-iid:19.0.0] AndroidManifest.xml:42:25-78
69            </intent-filter>
70        </receiver>
71
72        <activity
72-->[com.google.android.gms:play-services-base:17.1.0] AndroidManifest.xml:23:9-26:75
73            android:name="com.google.android.gms.common.api.GoogleApiActivity"
73-->[com.google.android.gms:play-services-base:17.1.0] AndroidManifest.xml:24:13-79
74            android:exported="false"
74-->[com.google.android.gms:play-services-base:17.1.0] AndroidManifest.xml:25:13-37
75            android:theme="@android:style/Theme.Translucent.NoTitleBar" />
75-->[com.google.android.gms:play-services-base:17.1.0] AndroidManifest.xml:26:13-72
76
77        <receiver
77-->[com.google.android.gms:play-services-measurement:17.2.0] AndroidManifest.xml:29:9-33:20
78            android:name="com.google.android.gms.measurement.AppMeasurementReceiver"
78-->[com.google.android.gms:play-services-measurement:17.2.0] AndroidManifest.xml:30:13-85
79            android:enabled="true"
79-->[com.google.android.gms:play-services-measurement:17.2.0] AndroidManifest.xml:31:13-35
80            android:exported="false" >
80-->[com.google.android.gms:play-services-measurement:17.2.0] AndroidManifest.xml:32:13-37
81        </receiver>
82        <receiver
82-->[com.google.android.gms:play-services-measurement:17.2.0] AndroidManifest.xml:34:9-42:20
83            android:name="com.google.android.gms.measurement.AppMeasurementInstallReferrerReceiver"
83-->[com.google.android.gms:play-services-measurement:17.2.0] AndroidManifest.xml:35:13-100
84            android:enabled="true"
84-->[com.google.android.gms:play-services-measurement:17.2.0] AndroidManifest.xml:36:13-35
85            android:exported="true"
85-->[com.google.android.gms:play-services-measurement:17.2.0] AndroidManifest.xml:37:13-36
86            android:permission="android.permission.INSTALL_PACKAGES" >
86-->[com.google.android.gms:play-services-measurement:17.2.0] AndroidManifest.xml:38:13-69
87            <intent-filter>
87-->[com.google.android.gms:play-services-measurement:17.2.0] AndroidManifest.xml:39:13-41:29
88                <action android:name="com.android.vending.INSTALL_REFERRER" />
88-->[com.google.android.gms:play-services-measurement:17.2.0] AndroidManifest.xml:40:17-79
88-->[com.google.android.gms:play-services-measurement:17.2.0] AndroidManifest.xml:40:25-76
89            </intent-filter>
90        </receiver>
91
92        <service
92-->[com.google.android.gms:play-services-measurement:17.2.0] AndroidManifest.xml:44:9-47:40
93            android:name="com.google.android.gms.measurement.AppMeasurementService"
93-->[com.google.android.gms:play-services-measurement:17.2.0] AndroidManifest.xml:45:13-84
94            android:enabled="true"
94-->[com.google.android.gms:play-services-measurement:17.2.0] AndroidManifest.xml:46:13-35
95            android:exported="false" />
95-->[com.google.android.gms:play-services-measurement:17.2.0] AndroidManifest.xml:47:13-37
96        <service
96-->[com.google.android.gms:play-services-measurement:17.2.0] AndroidManifest.xml:48:9-52:72
97            android:name="com.google.android.gms.measurement.AppMeasurementJobService"
97-->[com.google.android.gms:play-services-measurement:17.2.0] AndroidManifest.xml:49:13-87
98            android:enabled="true"
98-->[com.google.android.gms:play-services-measurement:17.2.0] AndroidManifest.xml:50:13-35
99            android:exported="false"
99-->[com.google.android.gms:play-services-measurement:17.2.0] AndroidManifest.xml:51:13-37
100            android:permission="android.permission.BIND_JOB_SERVICE" />
100-->[com.google.android.gms:play-services-measurement:17.2.0] AndroidManifest.xml:52:13-69
101
102        <provider
102-->[com.google.firebase:firebase-common:19.0.0] AndroidManifest.xml:12:9-16:39
103            android:name="com.google.firebase.provider.FirebaseInitProvider"
103-->[com.google.firebase:firebase-common:19.0.0] AndroidManifest.xml:13:13-77
104            android:authorities="com.example.nulp_mobile.firebaseinitprovider"
104-->[com.google.firebase:firebase-common:19.0.0] AndroidManifest.xml:14:13-72
105            android:exported="false"
105-->[com.google.firebase:firebase-common:19.0.0] AndroidManifest.xml:15:13-37
106            android:initOrder="100" />
106-->[com.google.firebase:firebase-common:19.0.0] AndroidManifest.xml:16:13-36
107
108        <meta-data
108-->[com.google.android.gms:play-services-basement:17.0.0] AndroidManifest.xml:23:9-25:69
109            android:name="com.google.android.gms.version"
109-->[com.google.android.gms:play-services-basement:17.0.0] AndroidManifest.xml:24:13-58
110            android:value="@integer/google_play_services_version" />
110-->[com.google.android.gms:play-services-basement:17.0.0] AndroidManifest.xml:25:13-66
111    </application>
112
113</manifest>